0 info it worked if it ends with ok
1 verbose cli [ '/usr/bin/node', '/usr/bin/npm', 'install', '-g', 'vertx3-min' ]
2 info using npm@3.10.10
3 info using node@v6.12.2
4 silly loadCurrentTree Starting
5 silly install loadCurrentTree
6 silly install readGlobalPackageData
7 silly fetchPackageMetaData vertx3-min
8 silly fetchNamedPackageData vertx3-min
9 silly mapToRegistry name vertx3-min
10 silly mapToRegistry using default registry
11 silly mapToRegistry registry https://registry.npmjs.org/
12 silly mapToRegistry data Result {
12 silly mapToRegistry   raw: 'vertx3-min',
12 silly mapToRegistry   scope: null,
12 silly mapToRegistry   escapedName: 'vertx3-min',
12 silly mapToRegistry   name: 'vertx3-min',
12 silly mapToRegistry   rawSpec: '',
12 silly mapToRegistry   spec: 'latest',
12 silly mapToRegistry   type: 'tag' }
13 silly mapToRegistry uri https://registry.npmjs.org/vertx3-min
14 verbose request uri https://registry.npmjs.org/vertx3-min
15 verbose request no auth needed
16 info attempt registry request try #1 at 7:55:58 AM
17 verbose request id d819d4003c188c7a
18 http request GET https://registry.npmjs.org/vertx3-min
19 http 200 https://registry.npmjs.org/vertx3-min
20 verbose headers { 'content-type': 'application/json; charset=UTF-8',
20 verbose headers   server: 'UploadServer',
20 verbose headers   'cache-control': 'max-age=300',
20 verbose headers   'last-modified': 'Thu, 19 Oct 2017 17:53:23 GMT',
20 verbose headers   etag: '"59e8e693-3c3a"',
20 verbose headers   'content-encoding': 'gzip',
20 verbose headers   'content-length': '2155',
20 verbose headers   'accept-ranges': 'bytes',
20 verbose headers   date: 'Sat, 20 Jan 2018 12:56:00 GMT',
20 verbose headers   via: '1.1 varnish',
20 verbose headers   age: '0',
20 verbose headers   connection: 'keep-alive',
20 verbose headers   'x-served-by': 'cache-ams4428-AMS',
20 verbose headers   'x-cache': 'MISS',
20 verbose headers   'x-cache-hits': '0',
20 verbose headers   'x-timer': 'S1516452960.371941,VS0,VE261',
20 verbose headers   vary: 'Accept-Encoding, Accept' }
21 silly get cb [ 200,
21 silly get   { 'content-type': 'application/json; charset=UTF-8',
21 silly get     server: 'UploadServer',
21 silly get     'cache-control': 'max-age=300',
21 silly get     'last-modified': 'Thu, 19 Oct 2017 17:53:23 GMT',
21 silly get     etag: '"59e8e693-3c3a"',
21 silly get     'content-encoding': 'gzip',
21 silly get     'content-length': '2155',
21 silly get     'accept-ranges': 'bytes',
21 silly get     date: 'Sat, 20 Jan 2018 12:56:00 GMT',
21 silly get     via: '1.1 varnish',
21 silly get     age: '0',
21 silly get     connection: 'keep-alive',
21 silly get     'x-served-by': 'cache-ams4428-AMS',
21 silly get     'x-cache': 'MISS',
21 silly get     'x-cache-hits': '0',
21 silly get     'x-timer': 'S1516452960.371941,VS0,VE261',
21 silly get     vary: 'Accept-Encoding, Accept' } ]
22 verbose get saving vertx3-min to /home/admin/.npm/registry.npmjs.org/vertx3-min/.cache.json
23 verbose correctMkdir /home/admin/.npm correctMkdir not in flight; initializing
24 verbose makeDirectory /home/admin/.npm creation not in flight; initializing
25 silly makeDirectory /home/admin/.npm uid: 1000 gid: 1000
26 silly install normalizeTree
27 silly loadCurrentTree Finishing
28 silly loadIdealTree Starting
29 silly install loadIdealTree
30 silly cloneCurrentTree Starting
31 silly install cloneCurrentTreeToIdealTree
32 silly cloneCurrentTree Finishing
33 silly loadShrinkwrap Starting
34 silly install loadShrinkwrap
35 silly loadShrinkwrap Finishing
36 silly loadAllDepsIntoIdealTree Starting
37 silly install loadAllDepsIntoIdealTree
38 silly resolveWithNewModule vertx3-min@3.5.0 checking installable status
39 silly cache add args [ 'vertx3-min', null ]
40 verbose cache add spec vertx3-min
41 silly cache add parsed spec Result {
41 silly cache add   raw: 'vertx3-min',
41 silly cache add   scope: null,
41 silly cache add   escapedName: 'vertx3-min',
41 silly cache add   name: 'vertx3-min',
41 silly cache add   rawSpec: '',
41 silly cache add   spec: 'latest',
41 silly cache add   type: 'tag' }
42 silly addNamed vertx3-min@latest
43 verbose addNamed "latest" is being treated as a dist-tag for vertx3-min
44 info addNameTag [ 'vertx3-min', 'latest' ]
45 silly mapToRegistry name vertx3-min
46 silly mapToRegistry using default registry
47 silly mapToRegistry registry https://registry.npmjs.org/
48 silly mapToRegistry data Result {
48 silly mapToRegistry   raw: 'vertx3-min',
48 silly mapToRegistry   scope: null,
48 silly mapToRegistry   escapedName: 'vertx3-min',
48 silly mapToRegistry   name: 'vertx3-min',
48 silly mapToRegistry   rawSpec: '',
48 silly mapToRegistry   spec: 'latest',
48 silly mapToRegistry   type: 'tag' }
49 silly mapToRegistry uri https://registry.npmjs.org/vertx3-min
50 verbose addNameTag registry:https://registry.npmjs.org/vertx3-min not in flight; fetching
51 verbose get https://registry.npmjs.org/vertx3-min not expired, no request
52 silly addNameTag next cb for vertx3-min with tag latest
53 silly addNamed vertx3-min@3.5.0
54 verbose addNamed "3.5.0" is a plain semver version for vertx3-min
55 silly mapToRegistry name vertx3-min
56 silly mapToRegistry using default registry
57 silly mapToRegistry registry https://registry.npmjs.org/
58 silly mapToRegistry data Result {
58 silly mapToRegistry   raw: 'vertx3-min',
58 silly mapToRegistry   scope: null,
58 silly mapToRegistry   escapedName: 'vertx3-min',
58 silly mapToRegistry   name: 'vertx3-min',
58 silly mapToRegistry   rawSpec: '',
58 silly mapToRegistry   spec: 'latest',
58 silly mapToRegistry   type: 'tag' }
59 silly mapToRegistry uri https://registry.npmjs.org/vertx3-min
60 verbose addRemoteTarball https://registry.npmjs.org/vertx3-min/-/vertx3-min-3.5.0.tgz not in flight; adding
61 verbose addRemoteTarball [ 'https://registry.npmjs.org/vertx3-min/-/vertx3-min-3.5.0.tgz',
61 verbose addRemoteTarball   'ab412f98df0f9352a1827d9e26e06552e614f3d5' ]
62 info retry fetch attempt 1 at 7:56:00 AM
63 info attempt registry request try #1 at 7:56:00 AM
64 http fetch GET https://registry.npmjs.org/vertx3-min/-/vertx3-min-3.5.0.tgz
65 http fetch 200 https://registry.npmjs.org/vertx3-min/-/vertx3-min-3.5.0.tgz
66 silly fetchAndShaCheck shasum ab412f98df0f9352a1827d9e26e06552e614f3d5
67 verbose addTmpTarball /tmp/npm-12673-fed26e0d/registry.npmjs.org/vertx3-min/-/vertx3-min-3.5.0.tgz not in flight; adding
68 verbose addTmpTarball already have metadata; skipping unpack for vertx3-min@3.5.0
69 verbose correctMkdir /home/admin/.npm correctMkdir not in flight; initializing
70 silly cache afterAdd vertx3-min@3.5.0
71 verbose afterAdd /home/admin/.npm/vertx3-min/3.5.0/package/package.json not in flight; writing
72 verbose correctMkdir /home/admin/.npm correctMkdir not in flight; initializing
73 verbose afterAdd /home/admin/.npm/vertx3-min/3.5.0/package/package.json written
74 silly loadAllDepsIntoIdealTree Finishing
75 silly loadIdealTree Finishing
76 silly currentTree lib
77 silly idealTree lib
77 silly idealTree └── vertx3-min@3.5.0
78 silly generateActionsToTake Starting
79 silly install generateActionsToTake
80 warn checkPermissions Missing write access to /usr/lib/node_modules
81 silly rollbackFailedOptional Starting
82 silly rollbackFailedOptional Finishing
83 silly runTopLevelLifecycles Finishing
84 silly install printInstalled
85 verbose stack Error: EACCES: permission denied, access '/usr/lib/node_modules'
85 verbose stack     at Error (native)
86 verbose cwd /home/admin/Downloads/demo
87 error Linux 3.10.0-693.el7.x86_64
88 error argv "/usr/bin/node" "/usr/bin/npm" "install" "-g" "vertx3-min"
89 error node v6.12.2
90 error npm  v3.10.10
91 error path /usr/lib/node_modules
92 error code EACCES
93 error errno -13
94 error syscall access
95 error Error: EACCES: permission denied, access '/usr/lib/node_modules'
95 error     at Error (native)
95 error  { Error: EACCES: permission denied, access '/usr/lib/node_modules'
95 error     at Error (native)
95 error   errno: -13,
95 error   code: 'EACCES',
95 error   syscall: 'access',
95 error   path: '/usr/lib/node_modules' }
96 error Please try running this command again as root/Administrator.
97 verbose exit [ -13, true ]
